# JRE version: OpenJDK Runtime Environment (17.0.7) (build 17.0.7+0-b2043.56-10550314)
# Java VM: OpenJDK 64-Bit Server VM (17.0.7+0-b2043.56-10550314, mixed mode, tiered, compressed oops, compressed class ptrs, g1 gc, windows-amd64)
GC Precious Log:
 CPUs: 8 total, 8 available
 Memory: 16219M
 Large Page Support: Disabled
 NUMA Support: Disabled
 Compressed Oops: Enabled (32-bit)
 Heap Region Size: 1M
 Heap Min Capacity: 8M
 Heap Initial Capacity: 254M
 Heap Max Capacity: 2G
 Pre-touch: Disabled
 Parallel Workers: 8
 Concurrent Workers: 2
 Concurrent Refinement Workers: 8
 Periodic GC: Disabled
Heap:
 garbage-first heap   total 375808K, used 154561K [0x0000000080000000, 0x0000000100000000)
  region size 1024K, 2 young (2048K), 2 survivors (2048K)
 Metaspace       used 164023K, committed 166272K, reserved 1245184K
  class space    used 22179K, committed 23296K, reserved 1048576K
GC Heap History (20 events):
Event: 16771.566 GC heap after
{Heap after GC invocations=137 (full 2):
 garbage-first heap   total 375808K, used 164845K [0x0000000080000000, 0x0000000100000000)
  region size 1024K, 2 young (2048K), 2 survivors (2048K)
 Metaspace       used 163503K, committed 165760K, reserved 1245184K
  class space    used 22175K, committed 23296K, reserved 1048576K
}
Event: 16782.413 GC heap before
{Heap before GC invocations=137 (full 2):
 garbage-first heap   total 375808K, used 303085K [0x0000000080000000, 0x0000000100000000)
  region size 1024K, 138 young (141312K), 2 survivors (2048K)
 Metaspace       used 163598K, committed 165888K, reserved 1245184K
  class space    used 22176K, committed 23296K, reserved 1048576K
}
Event: 16782.425 GC heap after
{Heap after GC invocations=138 (full 2):
 garbage-first heap   total 375808K, used 174651K [0x0000000080000000, 0x0000000100000000)
  region size 1024K, 12 young (12288K), 12 survivors (12288K)
 Metaspace       used 163598K, committed 165888K, reserved 1245184K
  class space    used 22176K, committed 23296K, reserved 1048576K
}
Event: 16785.353 GC heap before
{Heap before GC invocations=139 (full 2):
 garbage-first heap   total 375808K, used 292411K [0x0000000080000000, 0x0000000100000000)
  region size 1024K, 139 young (142336K), 12 survivors (12288K)
 Metaspace       used 163787K, committed 166016K, reserved 1245184K
  class space    used 22176K, committed 23296K, reserved 1048576K
}
Event: 16785.367 GC heap after
{Heap after GC invocations=140 (full 2):
 garbage-first heap   total 375808K, used 166462K [0x0000000080000000, 0x0000000100000000)
  region size 1024K, 4 young (4096K), 4 survivors (4096K)
 Metaspace       used 163787K, committed 166016K, reserved 1245184K
  class space    used 22176K, committed 23296K, reserved 1048576K
}
Event: 16785.457 GC heap before
{Heap before GC invocations=140 (full 2):
 garbage-first heap   total 375808K, used 179774K [0x0000000080000000, 0x0000000100000000)
  region size 1024K, 18 young (18432K), 4 survivors (4096K)
 Metaspace       used 163810K, committed 166016K, reserved 1245184K
  class space    used 22178K, committed 23296K, reserved 1048576K
}
Event: 16785.460 GC heap after
{Heap after GC invocations=141 (full 2):
 garbage-first heap   total 375808K, used 150624K [0x0000000080000000, 0x0000000100000000)
  region size 1024K, 1 young (1024K), 1 survivors (1024K)
 Metaspace       used 163810K, committed 166016K, reserved 1245184K
  class space    used 22178K, committed 23296K, reserved 1048576K
}
Event: 16785.521 GC heap before
{Heap before GC invocations=141 (full 2):
 garbage-first heap   total 375808K, used 154720K [0x0000000080000000, 0x0000000100000000)
  region size 1024K, 7 young (7168K), 1 survivors (1024K)
 Metaspace       used 163814K, committed 166080K, reserved 1245184K
  class space    used 22178K, committed 23296K, reserved 1048576K
}
Event: 16785.524 GC heap after
{Heap after GC invocations=142 (full 2):
 garbage-first heap   total 375808K, used 150709K [0x0000000080000000, 0x0000000100000000)
  region size 1024K, 1 young (1024K), 1 survivors (1024K)
 Metaspace       used 163814K, committed 166080K, reserved 1245184K
  class space    used 22178K, committed 23296K, reserved 1048576K
}
Event: 16971.365 GC heap before
{Heap before GC invocations=143 (full 2):
 garbage-first heap   total 375808K, used 320693K [0x0000000080000000, 0x0000000100000000)
  region size 1024K, 157 young (160768K), 1 survivors (1024K)
 Metaspace       used 163865K, committed 166080K, reserved 1245184K
  class space    used 22179K, committed 23296K, reserved 1048576K
}
Event: 16971.378 GC heap after
{Heap after GC invocations=144 (full 2):
 garbage-first heap   total 375808K, used 157435K [0x0000000080000000, 0x0000000100000000)
  region size 1024K, 12 young (12288K), 12 survivors (12288K)
 Metaspace       used 163865K, committed 166080K, reserved 1245184K
  class space    used 22179K, committed 23296K, reserved 1048576K
}
Event: 16971.398 GC heap before
{Heap before GC invocations=144 (full 2):
 garbage-first heap   total 375808K, used 163579K [0x0000000080000000, 0x0000000100000000)
  region size 1024K, 18 young (18432K), 12 survivors (12288K)
 Metaspace       used 163867K, committed 166080K, reserved 1245184K
  class space    used 22179K, committed 23296K, reserved 1048576K
}
Event: 16971.409 GC heap after
{Heap after GC invocations=145 (full 2):
 garbage-first heap   total 375808K, used 154043K [0x0000000080000000, 0x0000000100000000)
  region size 1024K, 2 young (2048K), 2 survivors (2048K)
 Metaspace       used 163867K, committed 166080K, reserved 1245184K
  class space    used 22179K, committed 23296K, reserved 1048576K
}
Event: 16971.543 GC heap before
{Heap before GC invocations=145 (full 2):
 garbage-first heap   total 375808K, used 167355K [0x0000000080000000, 0x0000000100000000)
  region size 1024K, 17 young (17408K), 2 survivors (2048K)
 Metaspace       used 163877K, committed 166080K, reserved 1245184K
  class space    used 22179K, committed 23296K, reserved 1048576K
}
Event: 16971.546 GC heap after
{Heap after GC invocations=146 (full 2):
 garbage-first heap   total 375808K, used 153363K [0x0000000080000000, 0x0000000100000000)
  region size 1024K, 1 young (1024K), 1 survivors (1024K)
 Metaspace       used 163877K, committed 166080K, reserved 1245184K
  class space    used 22179K, committed 23296K, reserved 1048576K
}
Event: 17053.058 GC heap before
{Heap before GC invocations=147 (full 2):
 garbage-first heap   total 375808K, used 324371K [0x0000000080000000, 0x0000000100000000)
  region size 1024K, 155 young (158720K), 1 survivors (1024K)
 Metaspace       used 163973K, committed 166208K, reserved 1245184K
  class space    used 22179K, committed 23296K, reserved 1048576K
}
Event: 17053.075 GC heap after
{Heap after GC invocations=148 (full 2):
 garbage-first heap   total 375808K, used 163270K [0x0000000080000000, 0x0000000100000000)
  region size 1024K, 12 young (12288K), 12 survivors (12288K)
 Metaspace       used 163973K, committed 166208K, reserved 1245184K
  class space    used 22179K, committed 23296K, reserved 1048576K
}
Event: 17053.094 GC heap before
{Heap before GC invocations=148 (full 2):
 garbage-first heap   total 375808K, used 169414K [0x0000000080000000, 0x0000000100000000)
  region size 1024K, 18 young (18432K), 12 survivors (12288K)
 Metaspace       used 163973K, committed 166208K, reserved 1245184K
  class space    used 22179K, committed 23296K, reserved 1048576K
}
Event: 17053.110 GC heap after
{Heap after GC invocations=149 (full 2):
 garbage-first heap   total 375808K, used 155290K [0x0000000080000000, 0x0000000100000000)
  region size 1024K, 2 young (2048K), 2 survivors (2048K)
 Metaspace       used 163973K, committed 166208K, reserved 1245184K
  class space    used 22179K, committed 23296K, reserved 1048576K
}
Event: 17053.579 GC heap before
{Heap before GC invocations=149 (full 2):
 garbage-first heap   total 375808K, used 230042K [0x0000000080000000, 0x0000000100000000)
  region size 1024K, 77 young (78848K), 2 survivors (2048K)
 Metaspace       used 164023K, committed 166272K, reserved 1245184K
  class space    used 22179K, committed 23296K, reserved 1048576K
}

